<?xml version="1.0" encoding="UTF-8"?>
<!-- Generated by org.testng.reporters.JUnitReportReporter -->
<testsuite hostname="LAPTOP-PGAOCM6M" failures="0" tests="1" name="testCase.Account_Registration" time="5.877" errors="0" timestamp="2025-02-12T21:26:22 IST" skipped="0">
  <testcase classname="testCase.Account_Registration" name="verify_account_registration" time="5.877"/>
</testsuite> <!-- testCase.Account_Registration -->
