<?xml version="1.0" encoding="UTF-8"?>
<!-- Generated by org.testng.reporters.JUnitReportReporter -->
<testsuite hostname="LAPTOP-PGAOCM6M" failures="0" tests="1" name="testCase.Login_Test" time="1.970" errors="0" timestamp="2025-02-13T16:52:35 IST" skipped="0">
  <testcase classname="testCase.Login_Test" name="verify_login_function" time="1.970"/>
</testsuite> <!-- testCase.Login_Test -->
